<?xml version='1.0' encoding='UTF-8'?>
<!DOCTYPE coverage SYSTEM 'http://cobertura.sourceforge.net/xml/coverage-04.dtd'>
<coverage line-rate="0.9631901840490797" branch-rate="0.9038461538461539" lines-covered="157" lines-valid="163" branches-covered="94" branches-valid="104" complexity="0.0" timestamp="1765688214" version="gcovr 8.4"><sources><source>D:/github/BufferFlowX</source></sources><packages><package name="bfx.cli" line-rate="0.9310344827586207" branch-rate="0.8809523809523809" complexity="0.0"><classes><class name="bfx_cli_raw_c" filename="bfx/cli/bfx_cli_raw.c" line-rate="0.9310344827586207" branch-rate="0.8809523809523809" complexity="0.0"><methods><method name="prvBFX_Strlen" signature="" line-rate="1.0" branch-rate="1.0" complexity="0.0"><lines><line number="37" hits="1296" branch="false"/><line number="39" hits="1296" branch="false"/><line number="40" hits="18824" branch="true" condition-coverage="100% (2/2)"><conditions><condition number="0" type="jump" coverage="100%"/></conditions></line><line number="41" hits="17528" branch="false"/><line number="43" hits="1296" branch="false"/></lines></method><method name="prvBFX_CliGetTokenLen" signature="" line-rate="1.0" branch-rate="1.0" complexity="0.0"><lines><line number="49" hits="984" branch="false"/><line number="51" hits="984" branch="false"/><line number="52" hits="4744" branch="true" condition-coverage="100% (6/6)"><conditions><condition number="0" type="jump" coverage="100%"/></conditions></line><line number="53" hits="3760" branch="false"/><line number="55" hits="984" branch="false"/></lines></method><method name="prvBFX_CliGetToken" signature="" line-rate="1.0" branch-rate="0.9" complexity="0.0"><lines><line number="61" hits="264" branch="false"/><line number="63" hits="264" branch="false"/><line number="64" hits="264" branch="false"/><line number="65" hits="1296" branch="true" condition-coverage="100% (2/2)"><conditions><condition number="0" type="jump" coverage="100%"/></conditions></line><line number="66" hits="1168" branch="true" condition-coverage="100% (2/2)"><conditions><condition number="0" type="jump" coverage="100%"/></conditions></line><line number="67" hits="416" branch="false"/><line number="68" hits="416" branch="false"/><line number="69" hits="752" branch="true" condition-coverage="75% (3/4)"><conditions><condition number="0" type="jump" coverage="75%"/></conditions></line><line number="71" hits="624" branch="true" condition-coverage="100% (2/2)"><conditions><condition number="0" type="jump" coverage="100%"/></conditions></line><line number="72" hits="8" branch="false"/><line number="74" hits="616" branch="false"/><line number="75" hits="616" branch="false"/><line number="77" hits="256" branch="false"/></lines></method><method name="prvBFX_CliTokenMatch" signature="" line-rate="0.7777777777777778" branch-rate="0.8" complexity="0.0"><lines><line number="83" hits="144" branch="false"/><line number="85" hits="144" branch="false"/><line number="86" hits="864" branch="true" condition-coverage="100% (4/4)"><conditions><condition number="0" type="jump" coverage="100%"/></conditions></line><line number="87" hits="720" branch="true" condition-coverage="50% (1/2)"><conditions><condition number="0" type="jump" coverage="50%"/></conditions></line><line number="88" hits="0" branch="false"/><line number="90" hits="720" branch="false"/><line number="92" hits="144" branch="true" condition-coverage="75% (3/4)"><conditions><condition number="0" type="jump" coverage="75%"/></conditions></line><line number="93" hits="144" branch="false"/><line number="95" hits="0" branch="false"/></lines></method><method name="BFX_CliRawMatch" signature="" line-rate="0.9230769230769231" branch-rate="0.8571428571428571" complexity="0.0"><lines><line number="114" hits="136" branch="false"/><line number="117" hits="136" branch="false"/><line number="118" hits="136" branch="true" condition-coverage="100% (2/2)"><conditions><condition number="0" type="jump" coverage="100%"/></conditions></line><line number="119" hits="8" branch="false"/><line number="121" hits="128" branch="false"/><line number="122" hits="128" branch="true" condition-coverage="50% (1/2)"><conditions><condition number="0" type="jump" coverage="50%"/></conditions></line><line number="123" hits="0" branch="false"/><line number="125" hits="128" branch="true" condition-coverage="100% (2/2)"><conditions><condition number="0" type="jump" coverage="100%"/></conditions></line><line number="126" hits="24" branch="false"/><line number="130" hits="104" branch="false"/><line number="131" hits="104" branch="false"/><line number="132" hits="360" branch="true" condition-coverage="100% (2/2)"><conditions><condition number="0" type="jump" coverage="100%"/></conditions></line><line number="134" hits="256" branch="true" condition-coverage="100% (2/2)"><conditions><condition number="0" type="jump" coverage="100%"/></conditions></line><line number="135" hits="112" branch="false"/><line number="136" hits="112" branch="false"/><line number="137" hits="112" branch="false"/><line number="138" hits="112" branch="false"/><line number="141" hits="144" branch="false"/><line number="142" hits="144" branch="true" condition-coverage="50% (1/2)"><conditions><condition number="0" type="jump" coverage="50%"/></conditions></line><line number="143" hits="0" branch="false"/><line number="146" hits="144" branch="false"/><line number="147" hits="256" branch="false"/><line number="148" hits="256" branch="true" condition-coverage="100% (2/2)"><conditions><condition number="0" type="jump" coverage="100%"/></conditions></line><line number="149" hits="160" branch="false"/><line number="150" hits="160" branch="false"/><line number="153" hits="104" branch="false"/></lines></method></methods><lines><line number="37" hits="1296" branch="false"/><line number="39" hits="1296" branch="false"/><line number="40" hits="18824" branch="true" condition-coverage="100% (2/2)"><conditions><condition number="0" type="jump" coverage="100%"/></conditions></line><line number="41" hits="17528" branch="false"/><line number="43" hits="1296" branch="false"/><line number="49" hits="984" branch="false"/><line number="51" hits="984" branch="false"/><line number="52" hits="4744" branch="true" condition-coverage="100% (6/6)"><conditions><condition number="0" type="jump" coverage="100%"/></conditions></line><line number="53" hits="3760" branch="false"/><line number="55" hits="984" branch="false"/><line number="61" hits="264" branch="false"/><line number="63" hits="264" branch="false"/><line number="64" hits="264" branch="false"/><line number="65" hits="1296" branch="true" condition-coverage="100% (2/2)"><conditions><condition number="0" type="jump" coverage="100%"/></conditions></line><line number="66" hits="1168" branch="true" condition-coverage="100% (2/2)"><conditions><condition number="0" type="jump" coverage="100%"/></conditions></line><line number="67" hits="416" branch="false"/><line number="68" hits="416" branch="false"/><line number="69" hits="752" branch="true" condition-coverage="75% (3/4)"><conditions><condition number="0" type="jump" coverage="75%"/></conditions></line><line number="71" hits="624" branch="true" condition-coverage="100% (2/2)"><conditions><condition number="0" type="jump" coverage="100%"/></conditions></line><line number="72" hits="8" branch="false"/><line number="74" hits="616" branch="false"/><line number="75" hits="616" branch="false"/><line number="77" hits="256" branch="false"/><line number="83" hits="144" branch="false"/><line number="85" hits="144" branch="false"/><line number="86" hits="864" branch="true" condition-coverage="100% (4/4)"><conditions><condition number="0" type="jump" coverage="100%"/></conditions></line><line number="87" hits="720" branch="true" condition-coverage="50% (1/2)"><conditions><condition number="0" type="jump" coverage="50%"/></conditions></line><line number="88" hits="0" branch="false"/><line number="90" hits="720" branch="false"/><line number="92" hits="144" branch="true" condition-coverage="75% (3/4)"><conditions><condition number="0" type="jump" coverage="75%"/></conditions></line><line number="93" hits="144" branch="false"/><line number="95" hits="0" branch="false"/><line number="114" hits="136" branch="false"/><line number="117" hits="136" branch="false"/><line number="118" hits="136" branch="true" condition-coverage="100% (2/2)"><conditions><condition number="0" type="jump" coverage="100%"/></conditions></line><line number="119" hits="8" branch="false"/><line number="121" hits="128" branch="false"/><line number="122" hits="128" branch="true" condition-coverage="50% (1/2)"><conditions><condition number="0" type="jump" coverage="50%"/></conditions></line><line number="123" hits="0" branch="false"/><line number="125" hits="128" branch="true" condition-coverage="100% (2/2)"><conditions><condition number="0" type="jump" coverage="100%"/></conditions></line><line number="126" hits="24" branch="false"/><line number="130" hits="104" branch="false"/><line number="131" hits="104" branch="false"/><line number="132" hits="360" branch="true" condition-coverage="100% (2/2)"><conditions><condition number="0" type="jump" coverage="100%"/></conditions></line><line number="134" hits="256" branch="true" condition-coverage="100% (2/2)"><conditions><condition number="0" type="jump" coverage="100%"/></conditions></line><line number="135" hits="112" branch="false"/><line number="136" hits="112" branch="false"/><line number="137" hits="112" branch="false"/><line number="138" hits="112" branch="false"/><line number="141" hits="144" branch="false"/><line number="142" hits="144" branch="true" condition-coverage="50% (1/2)"><conditions><condition number="0" type="jump" coverage="50%"/></conditions></line><line number="143" hits="0" branch="false"/><line number="146" hits="144" branch="false"/><line number="147" hits="256" branch="false"/><line number="148" hits="256" branch="true" condition-coverage="100% (2/2)"><conditions><condition number="0" type="jump" coverage="100%"/></conditions></line><line number="149" hits="160" branch="false"/><line number="150" hits="160" branch="false"/><line number="153" hits="104" branch="false"/></lines></class></classes></package><package name="bfx.dfifo" line-rate="0.9692307692307692" branch-rate="0.9090909090909091" complexity="0.0"><classes><class name="bfx_dfifo_raw_h" filename="bfx/dfifo/bfx_dfifo_raw.h" line-rate="0.9692307692307692" branch-rate="0.9090909090909091" complexity="0.0"><methods><method name="prvBFX_DfifoOccupyWrA" signature="" line-rate="1.0" branch-rate="1.0" complexity="0.0"><lines><line number="79" hits="328" branch="false"/><line number="81" hits="328" branch="false"/><line number="82" hits="328" branch="false"/><line number="83" hits="328" branch="false"/></lines></method><method name="prvBFX_DfifoOccupyWrB" signature="" line-rate="1.0" branch-rate="1.0" complexity="0.0"><lines><line number="86" hits="224" branch="false"/><line number="88" hits="224" branch="false"/><line number="89" hits="224" branch="false"/><line number="90" hits="224" branch="false"/></lines></method><method name="BFX_DfifoInit" signature="" line-rate="1.0" branch-rate="1.0" complexity="0.0"><lines><line number="104" hits="120" branch="false"/><line number="106" hits="15480" branch="true" condition-coverage="100% (2/2)"><conditions><condition number="0" type="jump" coverage="100%"/></conditions></line><line number="107" hits="15360" branch="false"/><line number="109" hits="120" branch="false"/><line number="110" hits="120" branch="false"/><line number="111" hits="120" branch="false"/><line number="112" hits="120" branch="false"/><line number="113" hits="120" branch="false"/></lines></method><method name="BFX_DfifoClear" signature="" line-rate="1.0" branch-rate="1.0" complexity="0.0"><lines><line number="121" hits="320" branch="false"/><line number="123" hits="41280" branch="true" condition-coverage="100% (2/2)"><conditions><condition number="0" type="jump" coverage="100%"/></conditions></line><line number="124" hits="40960" branch="false"/><line number="126" hits="320" branch="false"/><line number="127" hits="320" branch="false"/><line number="128" hits="320" branch="false"/><line number="129" hits="320" branch="false"/></lines></method><method name="BFX_DfifoSendAcquire" signature="" line-rate="1.0" branch-rate="1.0" complexity="0.0"><lines><line number="138" hits="584" branch="false"/><line number="140" hits="584" branch="true" condition-coverage="100% (2/2)"><conditions><condition number="0" type="jump" coverage="100%"/></conditions></line><line number="141" hits="288" branch="false"/><line number="142" hits="296" branch="true" condition-coverage="100% (2/2)"><conditions><condition number="0" type="jump" coverage="100%"/></conditions></line><line number="143" hits="200" branch="false"/><line number="144" hits="96" branch="true" condition-coverage="100% (4/4)"><conditions><condition number="0" type="jump" coverage="100%"/></conditions></line><line number="145" hits="40" branch="true" condition-coverage="100% (2/2)"><conditions><condition number="0" type="jump" coverage="100%"/></conditions></line><line number="146" hits="8" branch="false"/><line number="148" hits="32" branch="false"/><line number="150" hits="56" branch="true" condition-coverage="100% (4/4)"><conditions><condition number="0" type="jump" coverage="100%"/></conditions></line><line number="151" hits="8" branch="false"/><line number="152" hits="48" branch="true" condition-coverage="100% (4/4)"><conditions><condition number="0" type="jump" coverage="100%"/></conditions></line><line number="153" hits="16" branch="false"/><line number="155" hits="32" branch="false"/></lines></method><method name="BFX_DfifoSendComplete" signature="" line-rate="1.0" branch-rate="0.75" complexity="0.0"><lines><line number="163" hits="360" branch="false"/><line number="165" hits="360" branch="true" condition-coverage="100% (2/2)"><conditions><condition number="0" type="jump" coverage="100%"/></conditions></line><line number="166" hits="232" branch="false"/><line number="167" hits="128" branch="true" condition-coverage="50% (1/2)"><conditions><condition number="0" type="jump" coverage="50%"/></conditions></line><line number="168" hits="128" branch="false"/><line number="170" hits="360" branch="false"/></lines></method><method name="BFX_DfifoRecvAcquire" signature="" line-rate="1.0" branch-rate="1.0" complexity="0.0"><lines><line number="179" hits="288" branch="false"/><line number="181" hits="288" branch="true" condition-coverage="100% (4/4)"><conditions><condition number="0" type="jump" coverage="100%"/></conditions></line><line number="182" hits="40" branch="false"/><line number="183" hits="248" branch="true" condition-coverage="100% (4/4)"><conditions><condition number="0" type="jump" coverage="100%"/></conditions></line><line number="184" hits="64" branch="true" condition-coverage="100% (2/2)"><conditions><condition number="0" type="jump" coverage="100%"/></conditions></line><line number="185" hits="16" branch="false"/><line number="186" hits="16" branch="false"/><line number="188" hits="48" branch="false"/><line number="189" hits="48" branch="false"/><line number="191" hits="184" branch="true" condition-coverage="100% (2/2)"><conditions><condition number="0" type="jump" coverage="100%"/></conditions></line><line number="192" hits="112" branch="false"/><line number="193" hits="112" branch="false"/><line number="194" hits="72" branch="true" condition-coverage="100% (2/2)"><conditions><condition number="0" type="jump" coverage="100%"/></conditions></line><line number="195" hits="48" branch="false"/><line number="196" hits="48" branch="false"/><line number="198" hits="24" branch="false"/></lines></method><method name="BFX_DfifoRecvComplete" signature="" line-rate="0.6666666666666666" branch-rate="0.25" complexity="0.0"><lines><line number="206" hits="80" branch="false"/><line number="208" hits="80" branch="true" condition-coverage="50% (1/2)"><conditions><condition number="0" type="jump" coverage="50%"/></conditions></line><line number="209" hits="80" branch="false"/><line number="210" hits="0" branch="true" condition-coverage="0% (0/2)"><conditions><condition number="0" type="jump" coverage="0%"/></conditions></line><line number="211" hits="0" branch="false"/><line number="213" hits="80" branch="false"/></lines></method></methods><lines><line number="79" hits="328" branch="false"/><line number="81" hits="328" branch="false"/><line number="82" hits="328" branch="false"/><line number="83" hits="328" branch="false"/><line number="86" hits="224" branch="false"/><line number="88" hits="224" branch="false"/><line number="89" hits="224" branch="false"/><line number="90" hits="224" branch="false"/><line number="104" hits="120" branch="false"/><line number="106" hits="15480" branch="true" condition-coverage="100% (2/2)"><conditions><condition number="0" type="jump" coverage="100%"/></conditions></line><line number="107" hits="15360" branch="false"/><line number="109" hits="120" branch="false"/><line number="110" hits="120" branch="false"/><line number="111" hits="120" branch="false"/><line number="112" hits="120" branch="false"/><line number="113" hits="120" branch="false"/><line number="121" hits="320" branch="false"/><line number="123" hits="41280" branch="true" condition-coverage="100% (2/2)"><conditions><condition number="0" type="jump" coverage="100%"/></conditions></line><line number="124" hits="40960" branch="false"/><line number="126" hits="320" branch="false"/><line number="127" hits="320" branch="false"/><line number="128" hits="320" branch="false"/><line number="129" hits="320" branch="false"/><line number="138" hits="584" branch="false"/><line number="140" hits="584" branch="true" condition-coverage="100% (2/2)"><conditions><condition number="0" type="jump" coverage="100%"/></conditions></line><line number="141" hits="288" branch="false"/><line number="142" hits="296" branch="true" condition-coverage="100% (2/2)"><conditions><condition number="0" type="jump" coverage="100%"/></conditions></line><line number="143" hits="200" branch="false"/><line number="144" hits="96" branch="true" condition-coverage="100% (4/4)"><conditions><condition number="0" type="jump" coverage="100%"/></conditions></line><line number="145" hits="40" branch="true" condition-coverage="100% (2/2)"><conditions><condition number="0" type="jump" coverage="100%"/></conditions></line><line number="146" hits="8" branch="false"/><line number="148" hits="32" branch="false"/><line number="150" hits="56" branch="true" condition-coverage="100% (4/4)"><conditions><condition number="0" type="jump" coverage="100%"/></conditions></line><line number="151" hits="8" branch="false"/><line number="152" hits="48" branch="true" condition-coverage="100% (4/4)"><conditions><condition number="0" type="jump" coverage="100%"/></conditions></line><line number="153" hits="16" branch="false"/><line number="155" hits="32" branch="false"/><line number="163" hits="360" branch="false"/><line number="165" hits="360" branch="true" condition-coverage="100% (2/2)"><conditions><condition number="0" type="jump" coverage="100%"/></conditions></line><line number="166" hits="232" branch="false"/><line number="167" hits="128" branch="true" condition-coverage="50% (1/2)"><conditions><condition number="0" type="jump" coverage="50%"/></conditions></line><line number="168" hits="128" branch="false"/><line number="170" hits="360" branch="false"/><line number="179" hits="288" branch="false"/><line number="181" hits="288" branch="true" condition-coverage="100% (4/4)"><conditions><condition number="0" type="jump" coverage="100%"/></conditions></line><line number="182" hits="40" branch="false"/><line number="183" hits="248" branch="true" condition-coverage="100% (4/4)"><conditions><condition number="0" type="jump" coverage="100%"/></conditions></line><line number="184" hits="64" branch="true" condition-coverage="100% (2/2)"><conditions><condition number="0" type="jump" coverage="100%"/></conditions></line><line number="185" hits="16" branch="false"/><line number="186" hits="16" branch="false"/><line number="188" hits="48" branch="false"/><line number="189" hits="48" branch="false"/><line number="191" hits="184" branch="true" condition-coverage="100% (2/2)"><conditions><condition number="0" type="jump" coverage="100%"/></conditions></line><line number="192" hits="112" branch="false"/><line number="193" hits="112" branch="false"/><line number="194" hits="72" branch="true" condition-coverage="100% (2/2)"><conditions><condition number="0" type="jump" coverage="100%"/></conditions></line><line number="195" hits="48" branch="false"/><line number="196" hits="48" branch="false"/><line number="198" hits="24" branch="false"/><line number="206" hits="80" branch="false"/><line number="208" hits="80" branch="true" condition-coverage="50% (1/2)"><conditions><condition number="0" type="jump" coverage="50%"/></conditions></line><line number="209" hits="80" branch="false"/><line number="210" hits="0" branch="true" condition-coverage="0% (0/2)"><conditions><condition number="0" type="jump" coverage="0%"/></conditions></line><line number="211" hits="0" branch="false"/><line number="213" hits="80" branch="false"/></lines></class></classes></package><package name="bfx.fsm" line-rate="1.0" branch-rate="0.9444444444444444" complexity="0.0"><classes><class name="bfx_fsm_c" filename="bfx/fsm/bfx_fsm.c" line-rate="1.0" branch-rate="0.9444444444444444" complexity="0.0"><methods><method name="BFX_FsmGetNextState" signature="" line-rate="1.0" branch-rate="1.0" complexity="0.0"><lines><line number="32" hits="21" branch="false"/><line number="34" hits="21" branch="true" condition-coverage="100% (2/2)"><conditions><condition number="0" type="jump" coverage="100%"/></conditions></line><line number="35" hits="16" branch="false"/><line number="37" hits="5" branch="false"/><line number="38" hits="10" branch="true" condition-coverage="100% (2/2)"><conditions><condition number="0" type="jump" coverage="100%"/></conditions></line><line number="39" hits="5" branch="false"/><line number="41" hits="5" branch="false"/></lines></method><method name="BFX_FsmCallActionEvent" signature="" line-rate="1.0" branch-rate="1.0" complexity="0.0"><lines><line number="44" hits="21" branch="false"/><line number="46" hits="21" branch="false"/><line number="49" hits="21" branch="false"/><line number="50" hits="21" branch="false"/></lines></method><method name="BFX_FsmGetTransitionInfo" signature="" line-rate="1.0" branch-rate="1.0" complexity="0.0"><lines><line number="52" hits="25" branch="false"/><line number="55" hits="25" branch="false"/><line number="56" hits="25" branch="false"/><line number="57" hits="25" branch="false"/></lines></method><method name="BFX_FsmProcessTransition" signature="" line-rate="1.0" branch-rate="0.875" complexity="0.0"><lines><line number="59" hits="25" branch="false"/><line number="62" hits="25" branch="true" condition-coverage="75% (3/4)"><conditions><condition number="0" type="jump" coverage="75%"/></conditions></line><line number="63" hits="2" branch="false"/><line number="65" hits="28" branch="true" condition-coverage="100% (2/2)"><conditions><condition number="0" type="jump" coverage="100%"/></conditions></line><line number="66" hits="26" branch="true" condition-coverage="100% (2/2)"><conditions><condition number="0" type="jump" coverage="100%"/></conditions></line><line number="67" hits="21" branch="false"/><line number="68" hits="21" branch="false"/><line number="69" hits="21" branch="false"/><line number="72" hits="2" branch="false"/></lines></method><method name="BFX_FsmProcessEvent" signature="" line-rate="1.0" branch-rate="1.0" complexity="0.0"><lines><line number="86" hits="22" branch="false"/><line number="91" hits="22" branch="false"/><line number="92" hits="22" branch="true" condition-coverage="100% (2/2)"><conditions><condition number="0" type="jump" coverage="100%"/></conditions></line><line number="93" hits="19" branch="false"/><line number="97" hits="3" branch="false"/><line number="98" hits="4" branch="true" condition-coverage="100% (2/2)"><conditions><condition number="0" type="jump" coverage="100%"/></conditions></line><line number="99" hits="3" branch="false"/><line number="100" hits="3" branch="true" condition-coverage="100% (2/2)"><conditions><condition number="0" type="jump" coverage="100%"/></conditions></line><line number="101" hits="2" branch="false"/><line number="103" hits="1" branch="false"/><line number="105" hits="1" branch="false"/></lines></method><method name="BFX_FsmGetCurrentStateID" signature="" line-rate="1.0" branch-rate="1.0" complexity="0.0"><lines><line number="114" hits="8" branch="false"/><line number="116" hits="8" branch="false"/></lines></method><method name="BFX_FsmResetTo" signature="" line-rate="1.0" branch-rate="1.0" complexity="0.0"><lines><line number="126" hits="7" branch="false"/><line number="128" hits="7" branch="false"/><line number="129" hits="7" branch="false"/></lines></method></methods><lines><line number="32" hits="21" branch="false"/><line number="34" hits="21" branch="true" condition-coverage="100% (2/2)"><conditions><condition number="0" type="jump" coverage="100%"/></conditions></line><line number="35" hits="16" branch="false"/><line number="37" hits="5" branch="false"/><line number="38" hits="10" branch="true" condition-coverage="100% (2/2)"><conditions><condition number="0" type="jump" coverage="100%"/></conditions></line><line number="39" hits="5" branch="false"/><line number="41" hits="5" branch="false"/><line number="44" hits="21" branch="false"/><line number="46" hits="21" branch="false"/><line number="49" hits="21" branch="false"/><line number="50" hits="21" branch="false"/><line number="52" hits="25" branch="false"/><line number="55" hits="25" branch="false"/><line number="56" hits="25" branch="false"/><line number="57" hits="25" branch="false"/><line number="59" hits="25" branch="false"/><line number="62" hits="25" branch="true" condition-coverage="75% (3/4)"><conditions><condition number="0" type="jump" coverage="75%"/></conditions></line><line number="63" hits="2" branch="false"/><line number="65" hits="28" branch="true" condition-coverage="100% (2/2)"><conditions><condition number="0" type="jump" coverage="100%"/></conditions></line><line number="66" hits="26" branch="true" condition-coverage="100% (2/2)"><conditions><condition number="0" type="jump" coverage="100%"/></conditions></line><line number="67" hits="21" branch="false"/><line number="68" hits="21" branch="false"/><line number="69" hits="21" branch="false"/><line number="72" hits="2" branch="false"/><line number="86" hits="22" branch="false"/><line number="91" hits="22" branch="false"/><line number="92" hits="22" branch="true" condition-coverage="100% (2/2)"><conditions><condition number="0" type="jump" coverage="100%"/></conditions></line><line number="93" hits="19" branch="false"/><line number="97" hits="3" branch="false"/><line number="98" hits="4" branch="true" condition-coverage="100% (2/2)"><conditions><condition number="0" type="jump" coverage="100%"/></conditions></line><line number="99" hits="3" branch="false"/><line number="100" hits="3" branch="true" condition-coverage="100% (2/2)"><conditions><condition number="0" type="jump" coverage="100%"/></conditions></line><line number="101" hits="2" branch="false"/><line number="103" hits="1" branch="false"/><line number="105" hits="1" branch="false"/><line number="114" hits="8" branch="false"/><line number="116" hits="8" branch="false"/><line number="126" hits="7" branch="false"/><line number="128" hits="7" branch="false"/><line number="129" hits="7" branch="false"/></lines></class></classes></package></packages></coverage>